<?xml version="1.0" encoding="UTF-8"?>
<!-- Generated by org.testng.reporters.JUnitReportReporter -->
<testsuite hostname="DESKTOP-J1B95I0" failures="0" tests="1" name="Test1.e.AppTest" time="5.924" errors="0" timestamp="2022-11-25T15:47:50 IST" skipped="0">
  <testcase classname="Test1.e.AppTest" name="test1" time="5.924"/>
  <system-out/>
</testsuite> <!-- Test1.e.AppTest -->
